# JRE version: 7.0_04-b22
# Java VM: Java HotSpot(TM) 64-Bit Server VM (23.0-b21 mixed mode windows-amd64 compressed oops)
Heap
 PSYoungGen      total 75584K, used 14399K [0x00000000f5560000, 0x00000000fa7a0000, 0x0000000000000000)
  eden space 70912K, 19% used [0x00000000f5560000,0x00000000f6337e48,0x00000000f9aa0000)
  from space 4672K, 4% used [0x00000000fa310000,0x00000000fa348000,0x00000000fa7a0000)
  to   space 6656K, 0% used [0x00000000f9aa0000,0x00000000f9aa0000,0x00000000fa120000)
 ParOldGen       total 46976K, used 17435K [0x00000000e0000000, 0x00000000e2de0000, 0x00000000f5560000)
  object space 46976K, 37% used [0x00000000e0000000,0x00000000e1106ea0,0x00000000e2de0000)
 PSPermGen       total 26048K, used 14593K [0x00000000dae00000, 0x00000000dc770000, 0x00000000e0000000)
  object space 26048K, 56% used [0x00000000dae00000,0x00000000dbc407b8,0x00000000dc770000)
GC Heap History (10 events):
Event: 4.369 GC heap before
{Heap before GC invocations=5 (full 0):
 PSYoungGen      total 22272K, used 17704K [0x00000000f5560000, 0x00000000f6cc0000, 0x0000000000000000)
  eden space 20608K, 77% used [0x00000000f5560000,0x00000000f650a1c0,0x00000000f6980000)
  from space 1664K, 100% used [0x00000000f6b20000,0x00000000f6cc0000,0x00000000f6cc0000)
  to   space 1664K, 0% used [0x00000000f6980000,0x00000000f6980000,0x00000000f6b20000)
 ParOldGen       total 27328K, used 12080K [0x00000000e0000000, 0x00000000e1ab0000, 0x00000000f5560000)
  object space 27328K, 44% used [0x00000000e0000000,0x00000000e0bcc0d0,0x00000000e1ab0000)
 PSPermGen       total 21248K, used 12487K [0x00000000dae00000, 0x00000000dc2c0000, 0x00000000e0000000)
  object space 21248K, 58% used [0x00000000dae00000,0x00000000dba31d30,0x00000000dc2c0000)
Event: 4.396 GC heap after
Heap after GC invocations=5 (full 0):
 PSYoungGen      total 22272K, used 1664K [0x00000000f5560000, 0x00000000f8b00000, 0x0000000000000000)
  eden space 20608K, 0% used [0x00000000f5560000,0x00000000f5560000,0x00000000f6980000)
  from space 1664K, 100% used [0x00000000f6980000,0x00000000f6b20000,0x00000000f6b20000)
  to   space 6848K, 0% used [0x00000000f8450000,0x00000000f8450000,0x00000000f8b00000)
 ParOldGen       total 27328K, used 18128K [0x00000000e0000000, 0x00000000e1ab0000, 0x00000000f5560000)
  object space 27328K, 66% used [0x00000000e0000000,0x00000000e11b40d0,0x00000000e1ab0000)
 PSPermGen       total 21248K, used 12487K [0x00000000dae00000, 0x00000000dc2c0000, 0x00000000e0000000)
  object space 21248K, 58% used [0x00000000dae00000,0x00000000dba31d30,0x00000000dc2c0000)
}
Event: 12.413 GC heap before
{Heap before GC invocations=6 (full 0):
 PSYoungGen      total 22272K, used 22272K [0x00000000f5560000, 0x00000000f8b00000, 0x0000000000000000)
  eden space 20608K, 100% used [0x00000000f5560000,0x00000000f6980000,0x00000000f6980000)
  from space 1664K, 100% used [0x00000000f6980000,0x00000000f6b20000,0x00000000f6b20000)
  to   space 6848K, 0% used [0x00000000f8450000,0x00000000f8450000,0x00000000f8b00000)
 ParOldGen       total 27328K, used 18128K [0x00000000e0000000, 0x00000000e1ab0000, 0x00000000f5560000)
  object space 27328K, 66% used [0x00000000e0000000,0x00000000e11b40d0,0x00000000e1ab0000)
 PSPermGen       total 21248K, used 12760K [0x00000000dae00000, 0x00000000dc2c0000, 0x00000000e0000000)
  object space 21248K, 60% used [0x00000000dae00000,0x00000000dba76040,0x00000000dc2c0000)
Event: 12.450 GC heap after
Heap after GC invocations=6 (full 0):
 PSYoungGen      total 47424K, used 2048K [0x00000000f5560000, 0x00000000f8a60000, 0x0000000000000000)
  eden space 41216K, 0% used [0x00000000f5560000,0x00000000f5560000,0x00000000f7da0000)
  from space 6208K, 32% used [0x00000000f8450000,0x00000000f8650000,0x00000000f8a60000)
  to   space 6528K, 0% used [0x00000000f7da0000,0x00000000f7da0000,0x00000000f8400000)
 ParOldGen       total 42432K, used 40740K [0x00000000e0000000, 0x00000000e2970000, 0x00000000f5560000)
  object space 42432K, 96% used [0x00000000e0000000,0x00000000e27c9300,0x00000000e2970000)
 PSPermGen       total 21248K, used 12760K [0x00000000dae00000, 0x00000000dc2c0000, 0x00000000e0000000)
  object space 21248K, 60% used [0x00000000dae00000,0x00000000dba76040,0x00000000dc2c0000)
}
Event: 12.450 GC heap before
{Heap before GC invocations=7 (full 1):
 PSYoungGen      total 47424K, used 2048K [0x00000000f5560000, 0x00000000f8a60000, 0x0000000000000000)
  eden space 41216K, 0% used [0x00000000f5560000,0x00000000f5560000,0x00000000f7da0000)
  from space 6208K, 32% used [0x00000000f8450000,0x00000000f8650000,0x00000000f8a60000)
  to   space 6528K, 0% used [0x00000000f7da0000,0x00000000f7da0000,0x00000000f8400000)
 ParOldGen       total 42432K, used 40740K [0x00000000e0000000, 0x00000000e2970000, 0x00000000f5560000)
  object space 42432K, 96% used [0x00000000e0000000,0x00000000e27c9300,0x00000000e2970000)
 PSPermGen       total 21248K, used 12760K [0x00000000dae00000, 0x00000000dc2c0000, 0x00000000e0000000)
  object space 21248K, 60% used [0x00000000dae00000,0x00000000dba76040,0x00000000dc2c0000)
Event: 12.528 GC heap after
Heap after GC invocations=7 (full 1):
 PSYoungGen      total 47424K, used 0K [0x00000000f5560000, 0x00000000f8a60000, 0x0000000000000000)
  eden space 41216K, 0% used [0x00000000f5560000,0x00000000f5560000,0x00000000f7da0000)
  from space 6208K, 0% used [0x00000000f8450000,0x00000000f8450000,0x00000000f8a60000)
  to   space 6528K, 0% used [0x00000000f7da0000,0x00000000f7da0000,0x00000000f8400000)
 ParOldGen       total 46976K, used 17427K [0x00000000e0000000, 0x00000000e2de0000, 0x00000000f5560000)
  object space 46976K, 37% used [0x00000000e0000000,0x00000000e1104ea0,0x00000000e2de0000)
 PSPermGen       total 26048K, used 12753K [0x00000000dae00000, 0x00000000dc770000, 0x00000000e0000000)
  object space 26048K, 48% used [0x00000000dae00000,0x00000000dba746d0,0x00000000dc770000)
}
Event: 100.788 GC heap before
{Heap before GC invocations=8 (full 1):
 PSYoungGen      total 47424K, used 41216K [0x00000000f5560000, 0x00000000f8a60000, 0x0000000000000000)
  eden space 41216K, 100% used [0x00000000f5560000,0x00000000f7da0000,0x00000000f7da0000)
  from space 6208K, 0% used [0x00000000f8450000,0x00000000f8450000,0x00000000f8a60000)
  to   space 6528K, 0% used [0x00000000f7da0000,0x00000000f7da0000,0x00000000f8400000)
 ParOldGen       total 46976K, used 17427K [0x00000000e0000000, 0x00000000e2de0000, 0x00000000f5560000)
  object space 46976K, 37% used [0x00000000e0000000,0x00000000e1104ea0,0x00000000e2de0000)
 PSPermGen       total 26048K, used 13397K [0x00000000dae00000, 0x00000000dc770000, 0x00000000e0000000)
  object space 26048K, 51% used [0x00000000dae00000,0x00000000dbb15760,0x00000000dc770000)
Event: 100.790 GC heap after
Heap after GC invocations=8 (full 1):
 PSYoungGen      total 47744K, used 160K [0x00000000f5560000, 0x00000000fa990000, 0x0000000000000000)
  eden space 41216K, 0% used [0x00000000f5560000,0x00000000f5560000,0x00000000f7da0000)
  from space 6528K, 2% used [0x00000000f7da0000,0x00000000f7dc8000,0x00000000f8400000)
  to   space 6656K, 0% used [0x00000000fa310000,0x00000000fa310000,0x00000000fa990000)
 ParOldGen       total 46976K, used 17435K [0x00000000e0000000, 0x00000000e2de0000, 0x00000000f5560000)
  object space 46976K, 37% used [0x00000000e0000000,0x00000000e1106ea0,0x00000000e2de0000)
 PSPermGen       total 26048K, used 13397K [0x00000000dae00000, 0x00000000dc770000, 0x00000000e0000000)
  object space 26048K, 51% used [0x00000000dae00000,0x00000000dbb15760,0x00000000dc770000)
}
Event: 108.237 GC heap before
{Heap before GC invocations=9 (full 1):
 PSYoungGen      total 47744K, used 41376K [0x00000000f5560000, 0x00000000fa990000, 0x0000000000000000)
  eden space 41216K, 100% used [0x00000000f5560000,0x00000000f7da0000,0x00000000f7da0000)
  from space 6528K, 2% used [0x00000000f7da0000,0x00000000f7dc8000,0x00000000f8400000)
  to   space 6656K, 0% used [0x00000000fa310000,0x00000000fa310000,0x00000000fa990000)
 ParOldGen       total 46976K, used 17435K [0x00000000e0000000, 0x00000000e2de0000, 0x00000000f5560000)
  object space 46976K, 37% used [0x00000000e0000000,0x00000000e1106ea0,0x00000000e2de0000)
 PSPermGen       total 26048K, used 13436K [0x00000000dae00000, 0x00000000dc770000, 0x00000000e0000000)
  object space 26048K, 51% used [0x00000000dae00000,0x00000000dbb1f298,0x00000000dc770000)
Event: 108.253 GC heap after
Heap after GC invocations=9 (full 1):
 PSYoungGen      total 75584K, used 224K [0x00000000f5560000, 0x00000000fa7a0000, 0x0000000000000000)
  eden space 70912K, 0% used [0x00000000f5560000,0x00000000f5560000,0x00000000f9aa0000)
  from space 4672K, 4% used [0x00000000fa310000,0x00000000fa348000,0x00000000fa7a0000)
  to   space 6656K, 0% used [0x00000000f9aa0000,0x00000000f9aa0000,0x00000000fa120000)
 ParOldGen       total 46976K, used 17435K [0x00000000e0000000, 0x00000000e2de0000, 0x00000000f5560000)
  object space 46976K, 37% used [0x00000000e0000000,0x00000000e1106ea0,0x00000000e2de0000)
 PSPermGen       total 26048K, used 13436K [0x00000000dae00000, 0x00000000dc770000, 0x00000000e0000000)
  object space 26048K, 51% used [0x00000000dae00000,0x00000000dbb1f298,0x00000000dc770000)
}

